# JRE version: Java(TM) SE Runtime Environment (8.0_45-b15) (build 1.8.0_45-b15)
# Java VM: Java HotSpot(TM) 64-Bit Server VM (25.45-b02 mixed mode windows-amd64 compressed oops)
Heap:
 PSYoungGen      total 113664K, used 9662K [0x00000000eab00000, 0x00000000f4b80000, 0x0000000100000000)
  eden space 97792K, 0% used [0x00000000eab00000,0x00000000eab00000,0x00000000f0a80000)
  from space 15872K, 60% used [0x00000000f0a80000,0x00000000f13ef9f8,0x00000000f1a00000)
  to   space 15872K, 0% used [0x00000000f3c00000,0x00000000f3c00000,0x00000000f4b80000)
 ParOldGen       total 32768K, used 26450K [0x00000000c0000000, 0x00000000c2000000, 0x00000000eab00000)
  object space 32768K, 80% used [0x00000000c0000000,0x00000000c19d4a30,0x00000000c2000000)
 Metaspace       used 17242K, capacity 17332K, committed 17408K, reserved 1064960K
  class space    used 1998K, capacity 2040K, committed 2048K, reserved 1048576K
GC Heap History (10 events):
Event: 2.048 GC heap after
Heap after GC invocations=8 (full 1):
 PSYoungGen      total 73216K, used 7522K [0x00000000eab00000, 0x00000000f0800000, 0x0000000100000000)
  eden space 65536K, 0% used [0x00000000eab00000,0x00000000eab00000,0x00000000eeb00000)
  from space 7680K, 97% used [0x00000000eeb00000,0x00000000ef258bd0,0x00000000ef280000)
  to   space 8704K, 0% used [0x00000000eff80000,0x00000000eff80000,0x00000000f0800000)
 ParOldGen       total 32768K, used 11298K [0x00000000c0000000, 0x00000000c2000000, 0x00000000eab00000)
  object space 32768K, 34% used [0x00000000c0000000,0x00000000c0b08a98,0x00000000c2000000)
 Metaspace       used 15361K, capacity 15438K, committed 15488K, reserved 1062912K
  class space    used 1846K, capacity 1879K, committed 1920K, reserved 1048576K
}
Event: 2.277 GC heap before
{Heap before GC invocations=9 (full 1):
 PSYoungGen      total 73216K, used 73058K [0x00000000eab00000, 0x00000000f0800000, 0x0000000100000000)
  eden space 65536K, 100% used [0x00000000eab00000,0x00000000eeb00000,0x00000000eeb00000)
  from space 7680K, 97% used [0x00000000eeb00000,0x00000000ef258bd0,0x00000000ef280000)
  to   space 8704K, 0% used [0x00000000eff80000,0x00000000eff80000,0x00000000f0800000)
 ParOldGen       total 32768K, used 11298K [0x00000000c0000000, 0x00000000c2000000, 0x00000000eab00000)
  object space 32768K, 34% used [0x00000000c0000000,0x00000000c0b08a98,0x00000000c2000000)
 Metaspace       used 15882K, capacity 15982K, committed 16000K, reserved 1062912K
  class space    used 1874K, capacity 1911K, committed 1920K, reserved 1048576K
Event: 2.287 GC heap after
Heap after GC invocations=9 (full 1):
 PSYoungGen      total 84992K, used 8689K [0x00000000eab00000, 0x00000000f1f00000, 0x0000000100000000)
  eden space 76288K, 0% used [0x00000000eab00000,0x00000000eab00000,0x00000000ef580000)
  from space 8704K, 99% used [0x00000000eff80000,0x00000000f07fc568,0x00000000f0800000)
  to   space 10240K, 0% used [0x00000000ef580000,0x00000000ef580000,0x00000000eff80000)
 ParOldGen       total 32768K, used 11999K [0x00000000c0000000, 0x00000000c2000000, 0x00000000eab00000)
  object space 32768K, 36% used [0x00000000c0000000,0x00000000c0bb7d60,0x00000000c2000000)
 Metaspace       used 15882K, capacity 15982K, committed 16000K, reserved 1062912K
  class space    used 1874K, capacity 1911K, committed 1920K, reserved 1048576K
}
Event: 2.537 GC heap before
{Heap before GC invocations=10 (full 1):
 PSYoungGen      total 84992K, used 84977K [0x00000000eab00000, 0x00000000f1f00000, 0x0000000100000000)
  eden space 76288K, 100% used [0x00000000eab00000,0x00000000ef580000,0x00000000ef580000)
  from space 8704K, 99% used [0x00000000eff80000,0x00000000f07fc568,0x00000000f0800000)
  to   space 10240K, 0% used [0x00000000ef580000,0x00000000ef580000,0x00000000eff80000)
 ParOldGen       total 32768K, used 11999K [0x00000000c0000000, 0x00000000c2000000, 0x00000000eab00000)
  object space 32768K, 36% used [0x00000000c0000000,0x00000000c0bb7d60,0x00000000c2000000)
 Metaspace       used 17141K, capacity 17262K, committed 17408K, reserved 1064960K
  class space    used 1994K, capacity 2039K, committed 2048K, reserved 1048576K
Event: 2.550 GC heap after
Heap after GC invocations=10 (full 1):
 PSYoungGen      total 86528K, used 10228K [0x00000000eab00000, 0x00000000f2780000, 0x0000000100000000)
  eden space 76288K, 0% used [0x00000000eab00000,0x00000000eab00000,0x00000000ef580000)
  from space 10240K, 99% used [0x00000000ef580000,0x00000000eff7d1d8,0x00000000eff80000)
  to   space 13824K, 0% used [0x00000000f1a00000,0x00000000f1a00000,0x00000000f2780000)
 ParOldGen       total 32768K, used 17630K [0x00000000c0000000, 0x00000000c2000000, 0x00000000eab00000)
  object space 32768K, 53% used [0x00000000c0000000,0x00000000c1137a38,0x00000000c2000000)
 Metaspace       used 17141K, capacity 17262K, committed 17408K, reserved 1064960K
  class space    used 1994K, capacity 2039K, committed 2048K, reserved 1048576K
}
Event: 2.683 GC heap before
{Heap before GC invocations=11 (full 1):
 PSYoungGen      total 86528K, used 86516K [0x00000000eab00000, 0x00000000f2780000, 0x0000000100000000)
  eden space 76288K, 100% used [0x00000000eab00000,0x00000000ef580000,0x00000000ef580000)
  from space 10240K, 99% used [0x00000000ef580000,0x00000000eff7d1d8,0x00000000eff80000)
  to   space 13824K, 0% used [0x00000000f1a00000,0x00000000f1a00000,0x00000000f2780000)
 ParOldGen       total 32768K, used 17630K [0x00000000c0000000, 0x00000000c2000000, 0x00000000eab00000)
  object space 32768K, 53% used [0x00000000c0000000,0x00000000c1137a38,0x00000000c2000000)
 Metaspace       used 17210K, capacity 17332K, committed 17408K, reserved 1064960K
  class space    used 1998K, capacity 2040K, committed 2048K, reserved 1048576K
Event: 2.696 GC heap after
Heap after GC invocations=11 (full 1):
 PSYoungGen      total 111616K, used 13293K [0x00000000eab00000, 0x00000000f2d80000, 0x0000000100000000)
  eden space 97792K, 0% used [0x00000000eab00000,0x00000000eab00000,0x00000000f0a80000)
  from space 13824K, 96% used [0x00000000f1a00000,0x00000000f26fb5e8,0x00000000f2780000)
  to   space 15872K, 0% used [0x00000000f0a80000,0x00000000f0a80000,0x00000000f1a00000)
 ParOldGen       total 32768K, used 22923K [0x00000000c0000000, 0x00000000c2000000, 0x00000000eab00000)
  object space 32768K, 69% used [0x00000000c0000000,0x00000000c1662f40,0x00000000c2000000)
 Metaspace       used 17210K, capacity 17332K, committed 17408K, reserved 1064960K
  class space    used 1998K, capacity 2040K, committed 2048K, reserved 1048576K
}
Event: 2.796 GC heap before
{Heap before GC invocations=12 (full 1):
 PSYoungGen      total 111616K, used 111085K [0x00000000eab00000, 0x00000000f2d80000, 0x0000000100000000)
  eden space 97792K, 100% used [0x00000000eab00000,0x00000000f0a80000,0x00000000f0a80000)
  from space 13824K, 96% used [0x00000000f1a00000,0x00000000f26fb5e8,0x00000000f2780000)
  to   space 15872K, 0% used [0x00000000f0a80000,0x00000000f0a80000,0x00000000f1a00000)
 ParOldGen       total 32768K, used 22923K [0x00000000c0000000, 0x00000000c2000000, 0x00000000eab00000)
  object space 32768K, 69% used [0x00000000c0000000,0x00000000c1662f40,0x00000000c2000000)
 Metaspace       used 17242K, capacity 17332K, committed 17408K, reserved 1064960K
  class space    used 1998K, capacity 2040K, committed 2048K, reserved 1048576K
Event: 2.807 GC heap after
Heap after GC invocations=12 (full 1):
 PSYoungGen      total 113664K, used 9662K [0x00000000eab00000, 0x00000000f4b80000, 0x0000000100000000)
  eden space 97792K, 0% used [0x00000000eab00000,0x00000000eab00000,0x00000000f0a80000)
  from space 15872K, 60% used [0x00000000f0a80000,0x00000000f13ef9f8,0x00000000f1a00000)
  to   space 15872K, 0% used [0x00000000f3c00000,0x00000000f3c00000,0x00000000f4b80000)
 ParOldGen       total 32768K, used 26450K [0x00000000c0000000, 0x00000000c2000000, 0x00000000eab00000)
  object space 32768K, 80% used [0x00000000c0000000,0x00000000c19d4a30,0x00000000c2000000)
 Metaspace       used 17242K, capacity 17332K, committed 17408K, reserved 1064960K
  class space    used 1998K, capacity 2040K, committed 2048K, reserved 1048576K
}
Event: 2.807 GC heap before
{Heap before GC invocations=13 (full 2):
 PSYoungGen      total 113664K, used 9662K [0x00000000eab00000, 0x00000000f4b80000, 0x0000000100000000)
  eden space 97792K, 0% used [0x00000000eab00000,0x00000000eab00000,0x00000000f0a80000)
  from space 15872K, 60% used [0x00000000f0a80000,0x00000000f13ef9f8,0x00000000f1a00000)
  to   space 15872K, 0% used [0x00000000f3c00000,0x00000000f3c00000,0x00000000f4b80000)
 ParOldGen       total 32768K, used 26450K [0x00000000c0000000, 0x00000000c2000000, 0x00000000eab00000)
  object space 32768K, 80% used [0x00000000c0000000,0x00000000c19d4a30,0x00000000c2000000)
 Metaspace       used 17242K, capacity 17332K, committed 17408K, reserved 1064960K
  class space    used 1998K, capacity 2040K, committed 2048K, reserved 1048576K

